2024-11-02 12:06:09 - Starting GreenShadowApplication using Java 17.0.11 with PID 15148 (D:\GDSE 68\AAD 2\GreenShadow\GreenShadow\build\classes\java\main started by ksene in D:\GDSE 68\AAD 2\GreenShadow)
2024-11-02 12:06:09 - The following 1 profile is active: "dev"
2024-11-02 12:06:10 - Bootstrapping Spring Data JPA repositories in DEFAULT mode.
2024-11-02 12:06:10 - Finished Spring Data repository scanning in 60 ms. Found 1 JPA repository interface.
2024-11-02 12:06:11 - Tomcat initialized with port 5055 (http)
2024-11-02 12:06:11 - Initializing ProtocolHandler ["http-nio-5055"]
2024-11-02 12:06:11 - Starting service [Tomcat]
2024-11-02 12:06:11 - Starting Servlet engine: [Apache Tomcat/10.1.31]
2024-11-02 12:06:11 - Initializing Spring embedded WebApplicationContext
2024-11-02 12:06:11 - Root WebApplicationContext: initialization completed in 1311 ms
2024-11-02 12:06:11 - HHH000204: Processing PersistenceUnitInfo [name: default]
2024-11-02 12:06:11 - HHH000412: Hibernate ORM core version 6.5.3.Final
2024-11-02 12:06:11 - HHH000026: Second-level cache disabled
2024-11-02 12:06:11 - No LoadTimeWeaver setup: ignoring JPA class transformer
2024-11-02 12:06:11 - HikariPool-1 - Starting...
2024-11-02 12:06:12 - HikariPool-1 - Added connection com.mysql.cj.jdbc.ConnectionImpl@76ffc17c
2024-11-02 12:06:12 - HikariPool-1 - Start completed.
2024-11-02 12:06:12 - HHH90000025: MySQL8Dialect does not need to be specified explicitly using 'hibernate.dialect' (remove the property setting and it will be selected by default)
2024-11-02 12:06:12 - HHH90000026: MySQL8Dialect has been deprecated; use org.hibernate.dialect.MySQLDialect instead
2024-11-02 12:06:13 - HHH000489: No JTA platform available (set 'hibernate.transaction.jta.platform' to enable JTA platform integration)
2024-11-02 12:06:13 - Initialized JPA EntityManagerFactory for persistence unit 'default'
2024-11-02 12:06:13 - spring.jpa.open-in-view is enabled by default. Therefore, database queries may be performed during view rendering. Explicitly configure spring.jpa.open-in-view to disable this warning
2024-11-02 12:06:14 - Starting ProtocolHandler ["http-nio-5055"]
2024-11-02 12:06:14 - Tomcat started on port 5055 (http) with context path '/greenShadow'
2024-11-02 12:06:14 - Started GreenShadowApplication in 4.641 seconds (process running for 5.638)
2024-11-02 12:06:38 - Initializing Spring DispatcherServlet 'dispatcherServlet'
2024-11-02 12:06:38 - Initializing Servlet 'dispatcherServlet'
2024-11-02 12:06:38 - Completed initialization in 1 ms
2024-11-02 12:06:38 - Attempting to save user: UserDTO(email=senehsatsarujtydwdwa@example.com, password=password12, role=OTHER)
2024-11-02 12:06:38 - Successfully saved user with email: senehsatsarujtydwdwa@example.com
2024-11-02 12:09:40 - Resolved [org.springframework.web.HttpRequestMethodNotSupportedException: Request method 'POST' is not supported]
2024-11-02 12:09:43 - Closing JPA EntityManagerFactory for persistence unit 'default'
2024-11-02 12:09:43 - HikariPool-1 - Shutdown initiated...
2024-11-02 12:09:43 - HikariPool-1 - Shutdown completed.
2024-11-02 12:09:51 - Starting GreenShadowApplication using Java 17.0.11 with PID 13316 (D:\GDSE 68\AAD 2\GreenShadow\GreenShadow\build\classes\java\main started by ksene in D:\GDSE 68\AAD 2\GreenShadow)
2024-11-02 12:09:51 - The following 1 profile is active: "dev"
2024-11-02 12:09:51 - Bootstrapping Spring Data JPA repositories in DEFAULT mode.
2024-11-02 12:09:51 - Finished Spring Data repository scanning in 70 ms. Found 1 JPA repository interface.
2024-11-02 12:09:52 - Tomcat initialized with port 5055 (http)
2024-11-02 12:09:52 - Initializing ProtocolHandler ["http-nio-5055"]
2024-11-02 12:09:52 - Starting service [Tomcat]
2024-11-02 12:09:52 - Starting Servlet engine: [Apache Tomcat/10.1.31]
2024-11-02 12:09:52 - Initializing Spring embedded WebApplicationContext
2024-11-02 12:09:52 - Root WebApplicationContext: initialization completed in 1383 ms
2024-11-02 12:09:52 - HHH000204: Processing PersistenceUnitInfo [name: default]
2024-11-02 12:09:52 - HHH000412: Hibernate ORM core version 6.5.3.Final
2024-11-02 12:09:52 - HHH000026: Second-level cache disabled
2024-11-02 12:09:53 - No LoadTimeWeaver setup: ignoring JPA class transformer
2024-11-02 12:09:53 - HikariPool-1 - Starting...
2024-11-02 12:09:53 - HikariPool-1 - Added connection com.mysql.cj.jdbc.ConnectionImpl@4b09d1c3
2024-11-02 12:09:53 - HikariPool-1 - Start completed.
2024-11-02 12:09:53 - HHH90000025: MySQL8Dialect does not need to be specified explicitly using 'hibernate.dialect' (remove the property setting and it will be selected by default)
2024-11-02 12:09:53 - HHH90000026: MySQL8Dialect has been deprecated; use org.hibernate.dialect.MySQLDialect instead
2024-11-02 12:09:55 - HHH000489: No JTA platform available (set 'hibernate.transaction.jta.platform' to enable JTA platform integration)
2024-11-02 12:09:55 - Initialized JPA EntityManagerFactory for persistence unit 'default'
2024-11-02 12:09:55 - spring.jpa.open-in-view is enabled by default. Therefore, database queries may be performed during view rendering. Explicitly configure spring.jpa.open-in-view to disable this warning
2024-11-02 12:09:56 - Starting ProtocolHandler ["http-nio-5055"]
2024-11-02 12:09:56 - Tomcat started on port 5055 (http) with context path '/greenShadow'
2024-11-02 12:09:56 - Started GreenShadowApplication in 5.701 seconds (process running for 6.609)
2024-11-02 12:09:59 - Initializing Spring DispatcherServlet 'dispatcherServlet'
2024-11-02 12:09:59 - Initializing Servlet 'dispatcherServlet'
2024-11-02 12:09:59 - Completed initialization in 0 ms
2024-11-02 12:09:59 - Fetching user with email: senes@example.com
